<?xml version="1.0" encoding="UTF-8"?>
<!-- Generated by org.testng.reporters.JUnitReportReporter -->
<testsuite skipped="0" hostname="DESKTOP-KI7RP38" name="com.automation.newpkg.HelloWorldTest" tests="1" failures="0" timestamp="2020-06-12T13:15:47 IST" time="0.015" errors="0">
  <testcase name="login" time="0.015" classname="com.automation.newpkg.HelloWorldTest"/>
</testsuite> <!-- com.automation.newpkg.HelloWorldTest -->
